# JRE version: Java(TM) SE Runtime Environment 18.9 (11.0.15.1+2) (build 11.0.15.1+2-LTS-10)
# Java VM: Java HotSpot(TM) 64-Bit Server VM 18.9 (11.0.15.1+2-LTS-10, mixed mode, tiered, compressed oops, g1 gc, windows-amd64)
Heap:
 garbage-first heap   total 372736K, used 57414K [0x0000000704000000, 0x0000000800000000)
  region size 1024K, 19 young (19456K), 19 survivors (19456K)
 Metaspace       used 89001K, capacity 91704K, committed 92032K, reserved 1128448K
  class space    used 11034K, capacity 12070K, committed 12160K, reserved 1048576K
GC Heap History (10 events):
Event: 4.127 GC heap after
{Heap after GC invocations=9 (full 0):
 garbage-first heap   total 310272K, used 24044K [0x0000000704000000, 0x0000000800000000)
  region size 1024K, 13 young (13312K), 13 survivors (13312K)
 Metaspace       used 43850K, capacity 45021K, committed 45184K, reserved 1089536K
  class space    used 5472K, capacity 5949K, committed 6016K, reserved 1048576K
}
Event: 5.688 GC heap before
{Heap before GC invocations=9 (full 0):
 garbage-first heap   total 310272K, used 196076K [0x0000000704000000, 0x0000000800000000)
  region size 1024K, 181 young (185344K), 13 survivors (13312K)
 Metaspace       used 57657K, capacity 59112K, committed 59392K, reserved 1101824K
  class space    used 7242K, capacity 7844K, committed 7936K, reserved 1048576K
}
Event: 5.697 GC heap after
{Heap after GC invocations=10 (full 0):
 garbage-first heap   total 310272K, used 31913K [0x0000000704000000, 0x0000000800000000)
  region size 1024K, 20 young (20480K), 20 survivors (20480K)
 Metaspace       used 57657K, capacity 59112K, committed 59392K, reserved 1101824K
  class space    used 7242K, capacity 7844K, committed 7936K, reserved 1048576K
}
Event: 5.816 GC heap before
{Heap before GC invocations=10 (full 0):
 garbage-first heap   total 310272K, used 55465K [0x0000000704000000, 0x0000000800000000)
  region size 1024K, 40 young (40960K), 20 survivors (20480K)
 Metaspace       used 58387K, capacity 59793K, committed 59904K, reserved 1101824K
  class space    used 7308K, capacity 7879K, committed 7936K, reserved 1048576K
}
Event: 5.827 GC heap after
{Heap after GC invocations=11 (full 0):
 garbage-first heap   total 310272K, used 33014K [0x0000000704000000, 0x0000000800000000)
  region size 1024K, 10 young (10240K), 10 survivors (10240K)
 Metaspace       used 58387K, capacity 59793K, committed 59904K, reserved 1101824K
  class space    used 7308K, capacity 7879K, committed 7936K, reserved 1048576K
}
Event: 7.242 GC heap before
{Heap before GC invocations=12 (full 0):
 garbage-first heap   total 310272K, used 210166K [0x0000000704000000, 0x0000000800000000)
  region size 1024K, 181 young (185344K), 10 survivors (10240K)
 Metaspace       used 72692K, capacity 74475K, committed 74496K, reserved 1114112K
  class space    used 9033K, capacity 9719K, committed 9728K, reserved 1048576K
}
Event: 7.249 GC heap after
{Heap after GC invocations=13 (full 0):
 garbage-first heap   total 310272K, used 39525K [0x0000000704000000, 0x0000000800000000)
  region size 1024K, 17 young (17408K), 17 survivors (17408K)
 Metaspace       used 72692K, capacity 74475K, committed 74496K, reserved 1114112K
  class space    used 9033K, capacity 9719K, committed 9728K, reserved 1048576K
}
Event: 8.821 GC heap before
{Heap before GC invocations=13 (full 0):
 garbage-first heap   total 310272K, used 206437K [0x0000000704000000, 0x0000000800000000)
  region size 1024K, 181 young (185344K), 17 survivors (17408K)
 Metaspace       used 77785K, capacity 79847K, committed 79872K, reserved 1118208K
  class space    used 9708K, capacity 10483K, committed 10496K, reserved 1048576K
}
Event: 8.832 GC heap after
{Heap after GC invocations=14 (full 0):
 garbage-first heap   total 310272K, used 47252K [0x0000000704000000, 0x0000000800000000)
  region size 1024K, 17 young (17408K), 17 survivors (17408K)
 Metaspace       used 77785K, capacity 79847K, committed 79872K, reserved 1118208K
  class space    used 9708K, capacity 10483K, committed 10496K, reserved 1048576K
}
Event: 413.997 GC heap before
{Heap before GC invocations=14 (full 0):
 garbage-first heap   total 310272K, used 214164K [0x0000000704000000, 0x0000000800000000)
  region size 1024K, 181 young (185344K), 17 survivors (17408K)
 Metaspace       used 89001K, capacity 91704K, committed 92032K, reserved 1128448K
  class space    used 11034K, capacity 12070K, committed 12160K, reserved 1048576K
}

