# JRE version: Java(TM) SE Runtime Environment 18.9 (11.0.15.1+2) (build 11.0.15.1+2-LTS-10)
# Java VM: Java HotSpot(TM) 64-Bit Server VM 18.9 (11.0.15.1+2-LTS-10, mixed mode, tiered, compressed oops, g1 gc, windows-amd64)
Heap:
 garbage-first heap   total 372736K, used 48850K [0x0000000704000000, 0x0000000800000000)
  region size 1024K, 19 young (19456K), 19 survivors (19456K)
 Metaspace       used 78858K, capacity 81057K, committed 81280K, reserved 1120256K
  class space    used 9970K, capacity 10839K, committed 10880K, reserved 1048576K
GC Heap History (10 events):
Event: 2.341 GC heap after
{Heap after GC invocations=8 (full 0):
 garbage-first heap   total 258048K, used 19140K [0x0000000704000000, 0x0000000800000000)
  region size 1024K, 8 young (8192K), 8 survivors (8192K)
 Metaspace       used 34788K, capacity 35692K, committed 35840K, reserved 1081344K
  class space    used 4360K, capacity 4760K, committed 4864K, reserved 1048576K
}
Event: 3.352 GC heap before
{Heap before GC invocations=9 (full 0):
 garbage-first heap   total 258048K, used 165572K [0x0000000704000000, 0x0000000800000000)
  region size 1024K, 151 young (154624K), 8 survivors (8192K)
 Metaspace       used 42964K, capacity 44058K, committed 44288K, reserved 1087488K
  class space    used 5394K, capacity 5880K, committed 5888K, reserved 1048576K
}
Event: 3.358 GC heap after
{Heap after GC invocations=10 (full 0):
 garbage-first heap   total 310272K, used 23777K [0x0000000704000000, 0x0000000800000000)
  region size 1024K, 13 young (13312K), 13 survivors (13312K)
 Metaspace       used 42964K, capacity 44058K, committed 44288K, reserved 1087488K
  class space    used 5394K, capacity 5880K, committed 5888K, reserved 1048576K
}
Event: 4.655 GC heap before
{Heap before GC invocations=10 (full 0):
 garbage-first heap   total 310272K, used 195809K [0x0000000704000000, 0x0000000800000000)
  region size 1024K, 181 young (185344K), 13 survivors (13312K)
 Metaspace       used 56103K, capacity 57537K, committed 57728K, reserved 1099776K
  class space    used 7142K, capacity 7746K, committed 7808K, reserved 1048576K
}
Event: 4.664 GC heap after
{Heap after GC invocations=11 (full 0):
 garbage-first heap   total 310272K, used 30826K [0x0000000704000000, 0x0000000800000000)
  region size 1024K, 19 young (19456K), 19 survivors (19456K)
 Metaspace       used 56103K, capacity 57537K, committed 57728K, reserved 1099776K
  class space    used 7142K, capacity 7746K, committed 7808K, reserved 1048576K
}
Event: 4.909 GC heap before
{Heap before GC invocations=11 (full 0):
 garbage-first heap   total 310272K, used 89194K [0x0000000704000000, 0x0000000800000000)
  region size 1024K, 72 young (73728K), 19 survivors (19456K)
 Metaspace       used 58739K, capacity 60130K, committed 60160K, reserved 1101824K
  class space    used 7428K, capacity 8035K, committed 8064K, reserved 1048576K
}
Event: 4.921 GC heap after
{Heap after GC invocations=12 (full 0):
 garbage-first heap   total 310272K, used 33407K [0x0000000704000000, 0x0000000800000000)
  region size 1024K, 11 young (11264K), 11 survivors (11264K)
 Metaspace       used 58739K, capacity 60130K, committed 60160K, reserved 1101824K
  class space    used 7428K, capacity 8035K, committed 8064K, reserved 1048576K
}
Event: 6.246 GC heap before
{Heap before GC invocations=13 (full 0):
 garbage-first heap   total 310272K, used 207487K [0x0000000704000000, 0x0000000800000000)
  region size 1024K, 181 young (185344K), 11 survivors (11264K)
 Metaspace       used 72470K, capacity 74151K, committed 74368K, reserved 1114112K
  class space    used 9096K, capacity 9770K, committed 9856K, reserved 1048576K
}
Event: 6.253 GC heap after
{Heap after GC invocations=14 (full 0):
 garbage-first heap   total 310272K, used 39560K [0x0000000704000000, 0x0000000800000000)
  region size 1024K, 17 young (17408K), 17 survivors (17408K)
 Metaspace       used 72470K, capacity 74151K, committed 74368K, reserved 1114112K
  class space    used 9096K, capacity 9770K, committed 9856K, reserved 1048576K
}
Event: 21.561 GC heap before
{Heap before GC invocations=14 (full 0):
 garbage-first heap   total 310272K, used 207496K [0x0000000704000000, 0x0000000800000000)
  region size 1024K, 181 young (185344K), 17 survivors (17408K)
 Metaspace       used 78858K, capacity 81057K, committed 81280K, reserved 1120256K
  class space    used 9970K, capacity 10839K, committed 10880K, reserved 1048576K
}

